<?xml version="1.0" encoding="UTF-8"?>
<!-- Generated by org.testng.reporters.JUnitReportReporter -->
<testsuite hostname="DESKTOP-KKA2819" failures="0" tests="1" name="testScript.LoginTest" time="6.523" errors="0" timestamp="2025-07-15T17:00:38 IST" skipped="0">
  <testcase classname="testScript.LoginTest" name="verifyInvalidUserLoginwithInvalidPassword" time="6.523"/>
</testsuite> <!-- testScript.LoginTest -->
