<?xml version="1.0" encoding="UTF-8"?>
<!-- Generated by org.testng.reporters.JUnitReportReporter -->
<testsuite hostname="DESKTOP-KKA2819" failures="0" tests="1" name="seleniumBasics.TestNGAnnotations" time="0.028" errors="0" timestamp="2025-07-09T14:24:27 IST" skipped="0">
  <testcase classname="seleniumBasics.TestNGAnnotations" name="testCase" time="0.028"/>
</testsuite> <!-- seleniumBasics.TestNGAnnotations -->
