<?xml version="1.0" encoding="UTF-8"?>
<!-- Generated by org.testng.reporters.JUnitReportReporter -->
<testsuite hostname="DESKTOP-KKA2819" failures="0" tests="1" name="seleniumBasics.TestNGAnnotations" time="0.008" errors="0" timestamp="2025-05-28T21:27:54 IST" skipped="0">
  <testcase classname="seleniumBasics.TestNGAnnotations" name="testCase" time="0.008"/>
</testsuite> <!-- seleniumBasics.TestNGAnnotations -->
