<?xml version="1.0" encoding="UTF-8"?>
<!-- Generated by org.testng.reporters.JUnitReportReporter -->
<testsuite hostname="DESKTOP-KKA2819" failures="0" tests="1" name="testScript.LoginTest" time="5.469" errors="0" timestamp="2025-06-03T16:01:24 IST" skipped="0">
  <testcase classname="testScript.LoginTest" name="verifyUserLoginwithValidPassword" time="5.469"/>
</testsuite> <!-- testScript.LoginTest -->
